[2018-08-30 20:35:59] production.ERROR: InvalidArgumentException: The "" directory does not exist. in /var/www/vhosts/43/225606/webspace/httpdocs/dissol/vendor/symfony/finder/Finder.php:547
Stack trace:
#0 /var/www/vhosts/43/225606/webspace/httpdocs/dissol/vendor/laravel/framework/src/Illuminate/Foundation/Bootstrap/LoadConfiguration.php(87): Symfony\Component\Finder\Finder->in(false)
#1 /var/www/vhosts/43/225606/webspace/httpdocs/dissol/vendor/laravel/framework/src/Illuminate/Foundation/Bootstrap/LoadConfiguration.php(64): Illuminate\Foundation\Bootstrap\LoadConfiguration->getConfigurationFiles(Object(Illuminate\Foundation\Application))
#2 /var/www/vhosts/43/225606/webspace/httpdocs/dissol/vendor/laravel/framework/src/Illuminate/Foundation/Bootstrap/LoadConfiguration.php(39): Illuminate\Foundation\Bootstrap\LoadConfiguration->loadConfigurationFiles(Object(Illuminate\Foundation\Application), Object(Illuminate\Config\Repository))
#3 /var/www/vhosts/43/225606/webspace/httpdocs/dissol/vendor/laravel/framework/src/Illuminate/Foundation/Application.php(208): Illuminate\Foundation\Bootstrap\LoadConfiguration->bootstrap(Object(Illuminate\Foundation\Application))
#4 /var/www/vhosts/43/225606/webspace/httpdocs/dissol/vendor/laravel/framework/src/Illuminate/Foundation/Http/Kernel.php(162): Illuminate\Foundation\Application->bootstrapWith(Array)
#5 /var/www/vhosts/43/225606/webspace/httpdocs/dissol/vendor/laravel/framework/src/Illuminate/Foundation/Http/Kernel.php(146): Illuminate\Foundation\Http\Kernel->bootstrap()
#6 /var/www/vhosts/43/225606/webspace/httpdocs/dissol/vendor/laravel/framework/src/Illuminate/Foundation/Http/Kernel.php(116): Illuminate\Foundation\Http\Kernel->sendRequestThroughRouter(Object(Illuminate\Http\Request))
#7 /var/www/vhosts/43/225606/webspace/httpdocs/mundigraphic.es/index.php(53): Illuminate\Foundation\Http\Kernel->handle(Object(Illuminate\Http\Request))
#8 {main}  
[2018-08-30 20:36:04] production.ERROR: InvalidArgumentException: The "" directory does not exist. in /var/www/vhosts/43/225606/webspace/httpdocs/dissol/vendor/symfony/finder/Finder.php:547
Stack trace:
#0 /var/www/vhosts/43/225606/webspace/httpdocs/dissol/vendor/laravel/framework/src/Illuminate/Foundation/Bootstrap/LoadConfiguration.php(87): Symfony\Component\Finder\Finder->in(false)
#1 /var/www/vhosts/43/225606/webspace/httpdocs/dissol/vendor/laravel/framework/src/Illuminate/Foundation/Bootstrap/LoadConfiguration.php(64): Illuminate\Foundation\Bootstrap\LoadConfiguration->getConfigurationFiles(Object(Illuminate\Foundation\Application))
#2 /var/www/vhosts/43/225606/webspace/httpdocs/dissol/vendor/laravel/framework/src/Illuminate/Foundation/Bootstrap/LoadConfiguration.php(39): Illuminate\Foundation\Bootstrap\LoadConfiguration->loadConfigurationFiles(Object(Illuminate\Foundation\Application), Object(Illuminate\Config\Repository))
#3 /var/www/vhosts/43/225606/webspace/httpdocs/dissol/vendor/laravel/framework/src/Illuminate/Foundation/Application.php(208): Illuminate\Foundation\Bootstrap\LoadConfiguration->bootstrap(Object(Illuminate\Foundation\Application))
#4 /var/www/vhosts/43/225606/webspace/httpdocs/dissol/vendor/laravel/framework/src/Illuminate/Foundation/Http/Kernel.php(162): Illuminate\Foundation\Application->bootstrapWith(Array)
#5 /var/www/vhosts/43/225606/webspace/httpdocs/dissol/vendor/laravel/framework/src/Illuminate/Foundation/Http/Kernel.php(146): Illuminate\Foundation\Http\Kernel->bootstrap()
#6 /var/www/vhosts/43/225606/webspace/httpdocs/dissol/vendor/laravel/framework/src/Illuminate/Foundation/Http/Kernel.php(116): Illuminate\Foundation\Http\Kernel->sendRequestThroughRouter(Object(Illuminate\Http\Request))
#7 /var/www/vhosts/43/225606/webspace/httpdocs/mundigraphic.es/index.php(53): Illuminate\Foundation\Http\Kernel->handle(Object(Illuminate\Http\Request))
#8 {main}  
[2018-08-30 20:36:18] production.ERROR: InvalidArgumentException: The "" directory does not exist. in /var/www/vhosts/43/225606/webspace/httpdocs/dissol/vendor/symfony/finder/Finder.php:547
Stack trace:
#0 /var/www/vhosts/43/225606/webspace/httpdocs/dissol/vendor/laravel/framework/src/Illuminate/Foundation/Bootstrap/LoadConfiguration.php(87): Symfony\Component\Finder\Finder->in(false)
#1 /var/www/vhosts/43/225606/webspace/httpdocs/dissol/vendor/laravel/framework/src/Illuminate/Foundation/Bootstrap/LoadConfiguration.php(64): Illuminate\Foundation\Bootstrap\LoadConfiguration->getConfigurationFiles(Object(Illuminate\Foundation\Application))
#2 /var/www/vhosts/43/225606/webspace/httpdocs/dissol/vendor/laravel/framework/src/Illuminate/Foundation/Bootstrap/LoadConfiguration.php(39): Illuminate\Foundation\Bootstrap\LoadConfiguration->loadConfigurationFiles(Object(Illuminate\Foundation\Application), Object(Illuminate\Config\Repository))
#3 /var/www/vhosts/43/225606/webspace/httpdocs/dissol/vendor/laravel/framework/src/Illuminate/Foundation/Application.php(208): Illuminate\Foundation\Bootstrap\LoadConfiguration->bootstrap(Object(Illuminate\Foundation\Application))
#4 /var/www/vhosts/43/225606/webspace/httpdocs/dissol/vendor/laravel/framework/src/Illuminate/Foundation/Http/Kernel.php(162): Illuminate\Foundation\Application->bootstrapWith(Array)
#5 /var/www/vhosts/43/225606/webspace/httpdocs/dissol/vendor/laravel/framework/src/Illuminate/Foundation/Http/Kernel.php(146): Illuminate\Foundation\Http\Kernel->bootstrap()
#6 /var/www/vhosts/43/225606/webspace/httpdocs/dissol/vendor/laravel/framework/src/Illuminate/Foundation/Http/Kernel.php(116): Illuminate\Foundation\Http\Kernel->sendRequestThroughRouter(Object(Illuminate\Http\Request))
#7 /var/www/vhosts/43/225606/webspace/httpdocs/mundigraphic.es/index.php(53): Illuminate\Foundation\Http\Kernel->handle(Object(Illuminate\Http\Request))
#8 {main}  
[2018-08-30 20:36:19] production.ERROR: InvalidArgumentException: The "" directory does not exist. in /var/www/vhosts/43/225606/webspace/httpdocs/dissol/vendor/symfony/finder/Finder.php:547
Stack trace:
#0 /var/www/vhosts/43/225606/webspace/httpdocs/dissol/vendor/laravel/framework/src/Illuminate/Foundation/Bootstrap/LoadConfiguration.php(87): Symfony\Component\Finder\Finder->in(false)
#1 /var/www/vhosts/43/225606/webspace/httpdocs/dissol/vendor/laravel/framework/src/Illuminate/Foundation/Bootstrap/LoadConfiguration.php(64): Illuminate\Foundation\Bootstrap\LoadConfiguration->getConfigurationFiles(Object(Illuminate\Foundation\Application))
#2 /var/www/vhosts/43/225606/webspace/httpdocs/dissol/vendor/laravel/framework/src/Illuminate/Foundation/Bootstrap/LoadConfiguration.php(39): Illuminate\Foundation\Bootstrap\LoadConfiguration->loadConfigurationFiles(Object(Illuminate\Foundation\Application), Object(Illuminate\Config\Repository))
#3 /var/www/vhosts/43/225606/webspace/httpdocs/dissol/vendor/laravel/framework/src/Illuminate/Foundation/Application.php(208): Illuminate\Foundation\Bootstrap\LoadConfiguration->bootstrap(Object(Illuminate\Foundation\Application))
#4 /var/www/vhosts/43/225606/webspace/httpdocs/dissol/vendor/laravel/framework/src/Illuminate/Foundation/Http/Kernel.php(162): Illuminate\Foundation\Application->bootstrapWith(Array)
#5 /var/www/vhosts/43/225606/webspace/httpdocs/dissol/vendor/laravel/framework/src/Illuminate/Foundation/Http/Kernel.php(146): Illuminate\Foundation\Http\Kernel->bootstrap()
#6 /var/www/vhosts/43/225606/webspace/httpdocs/dissol/vendor/laravel/framework/src/Illuminate/Foundation/Http/Kernel.php(116): Illuminate\Foundation\Http\Kernel->sendRequestThroughRouter(Object(Illuminate\Http\Request))
#7 /var/www/vhosts/43/225606/webspace/httpdocs/mundigraphic.es/index.php(53): Illuminate\Foundation\Http\Kernel->handle(Object(Illuminate\Http\Request))
#8 {main}  
